<?xml version="1.0" encoding="UTF-8"?>
<!-- Generated by org.testng.reporters.JUnitReportReporter -->
<testsuite hostname="DESKTOP-HDKBCGK" failures="0" tests="3" name="com.toursofheroes.automation.testscripts.AddHeroes" time="13.585" errors="0" timestamp="2023-09-08T02:47:03 IST" skipped="0">
  <testcase classname="com.toursofheroes.automation.testscripts.AddHeroes" name="AddHeroesSite" time="6.430"/>
  <system-out/>
  <testcase classname="com.toursofheroes.automation.testscripts.AddHeroes" name="testAddHeroesElements" time="3.716"/>
  <system-out/>
  <testcase classname="com.toursofheroes.automation.testscripts.AddHeroes" name="testAddHeroFeature" time="3.439"/>
  <system-out/>
</testsuite> <!-- com.toursofheroes.automation.testscripts.AddHeroes -->
