<?xml version="1.0" encoding="UTF-8"?>
<!-- Generated by org.testng.reporters.JUnitReportReporter -->
<testsuite hostname="DESKTOP-HDKBCGK" failures="0" tests="3" name="com.toursofheroes.automation.testscripts.HeroesDashboard" time="21.156" errors="0" timestamp="2023-09-08T02:47:03 IST" skipped="0">
  <testcase classname="com.toursofheroes.automation.testscripts.HeroesDashboard" name="testHeroesSite" time="14.298"/>
  <system-out/>
  <testcase classname="com.toursofheroes.automation.testscripts.HeroesDashboard" name="testHeroesDashboard" time="3.627"/>
  <system-out/>
  <testcase classname="com.toursofheroes.automation.testscripts.HeroesDashboard" name="testSearchHeroFeature" time="3.231"/>
  <system-out/>
</testsuite> <!-- com.toursofheroes.automation.testscripts.HeroesDashboard -->
