<?xml version="1.0" encoding="UTF-8"?>
<!-- Generated by org.testng.reporters.JUnitReportReporter -->
<testsuite hostname="DESKTOP-HDKBCGK" failures="0" tests="3" name="com.toursofheroes.automation.testscripts.UpdateHeroes" time="22.963" errors="0" timestamp="2023-09-08T02:47:03 IST" skipped="0">
  <testcase classname="com.toursofheroes.automation.testscripts.UpdateHeroes" name="UpdateHeroesSite" time="17.811"/>
  <system-out/>
  <testcase classname="com.toursofheroes.automation.testscripts.UpdateHeroes" name="testUpdateHero" time="4.595"/>
  <system-out/>
  <testcase classname="com.toursofheroes.automation.testscripts.UpdateHeroes" name="testUpdateHeroFeature" time="0.557"/>
  <system-out/>
</testsuite> <!-- com.toursofheroes.automation.testscripts.UpdateHeroes -->
